Determining if the pthread_create exist failed with the following output:
Change Dir: /users/studs/bsc/2016/sdanie/catkin_ws/build/CMakeFiles/CMakeTmp

Run Build Command:/usr/bin/make "cmTryCompileExec3146495190/fast"
/usr/bin/make -f CMakeFiles/cmTryCompileExec3146495190.dir/build.make CMakeFiles/cmTryCompileExec3146495190.dir/build
make[1]: Entering directory `/users/studs/bsc/2016/sdanie/catkin_ws/build/CMakeFiles/CMakeTmp'
/usr/bin/cmake -E cmake_progress_report /users/studs/bsc/2016/sdanie/catkin_ws/build/CMakeFiles/CMakeTmp/CMakeFiles 1
Building C object CMakeFiles/cmTryCompileExec3146495190.dir/CheckSymbolExists.c.o
/usr/bin/cc    -o CMakeFiles/cmTryCompileExec3146495190.dir/CheckSymbolExists.c.o   -c /users/studs/bsc/2016/sdanie/catkin_ws/build/CMakeFiles/CMakeTmp/CheckSymbolExists.c
Linking C executable cmTryCompileExec3146495190
/usr/bin/cmake -E cmake_link_script CMakeFiles/cmTryCompileExec3146495190.dir/link.txt --verbose=1
/usr/bin/cc       CMakeFiles/cmTryCompileExec3146495190.dir/CheckSymbolExists.c.o  -o cmTryCompileExec3146495190 -rdynamic 
CMakeFiles/cmTryCompileExec3146495190.dir/CheckSymbolExists.c.o: In function `main':
CheckSymbolExists.c:(.text+0x16): undefined reference to `pthread_create'
collect2: error: ld returned 1 exit status
make[1]: *** [cmTryCompileExec3146495190] Error 1
make[1]: Leaving directory `/users/studs/bsc/2016/sdanie/catkin_ws/build/CMakeFiles/CMakeTmp'
make: *** [cmTryCompileExec3146495190/fast] Error 2

File /users/studs/bsc/2016/sdanie/catkin_ws/build/CMakeFiles/CMakeTmp/CheckSymbolExists.c:
/* */
#include <pthread.h>

int main(int argc, char** argv)
{
  (void)argv;
#ifndef pthread_create
  return ((int*)(&pthread_create))[argc];
#else
  (void)argc;
  return 0;
#endif
}

Determining if the function pthread_create exists in the pthreads failed with the following output:
Change Dir: /users/studs/bsc/2016/sdanie/catkin_ws/build/CMakeFiles/CMakeTmp

Run Build Command:/usr/bin/make "cmTryCompileExec3535194414/fast"
/usr/bin/make -f CMakeFiles/cmTryCompileExec3535194414.dir/build.make CMakeFiles/cmTryCompileExec3535194414.dir/build
make[1]: Entering directory `/users/studs/bsc/2016/sdanie/catkin_ws/build/CMakeFiles/CMakeTmp'
/usr/bin/cmake -E cmake_progress_report /users/studs/bsc/2016/sdanie/catkin_ws/build/CMakeFiles/CMakeTmp/CMakeFiles 1
Building C object CMakeFiles/cmTryCompileExec3535194414.dir/CheckFunctionExists.c.o
/usr/bin/cc   -DCHECK_FUNCTION_EXISTS=pthread_create   -o CMakeFiles/cmTryCompileExec3535194414.dir/CheckFunctionExists.c.o   -c /usr/share/cmake-2.8/Modules/CheckFunctionExists.c
Linking C executable cmTryCompileExec3535194414
/usr/bin/cmake -E cmake_link_script CMakeFiles/cmTryCompileExec3535194414.dir/link.txt --verbose=1
/usr/bin/cc   -DCHECK_FUNCTION_EXISTS=pthread_create    CMakeFiles/cmTryCompileExec3535194414.dir/CheckFunctionExists.c.o  -o cmTryCompileExec3535194414 -rdynamic -lpthreads 
/usr/bin/ld: cannot find -lpthreads
collect2: error: ld returned 1 exit status
make[1]: *** [cmTryCompileExec3535194414] Error 1
make[1]: Leaving directory `/users/studs/bsc/2016/sdanie/catkin_ws/build/CMakeFiles/CMakeTmp'
make: *** [cmTryCompileExec3535194414/fast] Error 2


Determining if the Q_WS_WIN exist failed with the following output:
Change Dir: /users/studs/bsc/2016/sdanie/catkin_ws/build/CMakeFiles/CMakeTmp

Run Build Command:/usr/bin/make "cmTryCompileExec1618879362/fast"
/usr/bin/make -f CMakeFiles/cmTryCompileExec1618879362.dir/build.make CMakeFiles/cmTryCompileExec1618879362.dir/build
make[1]: Entering directory `/users/studs/bsc/2016/sdanie/catkin_ws/build/CMakeFiles/CMakeTmp'
/usr/bin/cmake -E cmake_progress_report /users/studs/bsc/2016/sdanie/catkin_ws/build/CMakeFiles/CMakeTmp/CMakeFiles 1
Building CXX object CMakeFiles/cmTryCompileExec1618879362.dir/CheckSymbolExists.cxx.o
/usr/bin/c++    -I/usr/include/qt4    -o CMakeFiles/cmTryCompileExec1618879362.dir/CheckSymbolExists.cxx.o -c /users/studs/bsc/2016/sdanie/catkin_ws/build/CMakeFiles/CMakeTmp/CheckSymbolExists.cxx
/users/studs/bsc/2016/sdanie/catkin_ws/build/CMakeFiles/CMakeTmp/CheckSymbolExists.cxx: In function ‘int main(int, char**)’:
/users/studs/bsc/2016/sdanie/catkin_ws/build/CMakeFiles/CMakeTmp/CheckSymbolExists.cxx:8:19: error: ‘Q_WS_WIN’ was not declared in this scope
   return ((int*)(&Q_WS_WIN))[argc];
                   ^
make[1]: *** [CMakeFiles/cmTryCompileExec1618879362.dir/CheckSymbolExists.cxx.o] Error 1
make[1]: Leaving directory `/users/studs/bsc/2016/sdanie/catkin_ws/build/CMakeFiles/CMakeTmp'
make: *** [cmTryCompileExec1618879362/fast] Error 2

File /users/studs/bsc/2016/sdanie/catkin_ws/build/CMakeFiles/CMakeTmp/CheckSymbolExists.cxx:
/* */
#include <QtCore/qglobal.h>

int main(int argc, char** argv)
{
  (void)argv;
#ifndef Q_WS_WIN
  return ((int*)(&Q_WS_WIN))[argc];
#else
  (void)argc;
  return 0;
#endif
}

Determining if the Q_WS_QWS exist failed with the following output:
Change Dir: /users/studs/bsc/2016/sdanie/catkin_ws/build/CMakeFiles/CMakeTmp

Run Build Command:/usr/bin/make "cmTryCompileExec307823697/fast"
/usr/bin/make -f CMakeFiles/cmTryCompileExec307823697.dir/build.make CMakeFiles/cmTryCompileExec307823697.dir/build
make[1]: Entering directory `/users/studs/bsc/2016/sdanie/catkin_ws/build/CMakeFiles/CMakeTmp'
/usr/bin/cmake -E cmake_progress_report /users/studs/bsc/2016/sdanie/catkin_ws/build/CMakeFiles/CMakeTmp/CMakeFiles 1
Building CXX object CMakeFiles/cmTryCompileExec307823697.dir/CheckSymbolExists.cxx.o
/usr/bin/c++    -I/usr/include/qt4    -o CMakeFiles/cmTryCompileExec307823697.dir/CheckSymbolExists.cxx.o -c /users/studs/bsc/2016/sdanie/catkin_ws/build/CMakeFiles/CMakeTmp/CheckSymbolExists.cxx
/users/studs/bsc/2016/sdanie/catkin_ws/build/CMakeFiles/CMakeTmp/CheckSymbolExists.cxx: In function ‘int main(int, char**)’:
/users/studs/bsc/2016/sdanie/catkin_ws/build/CMakeFiles/CMakeTmp/CheckSymbolExists.cxx:8:19: error: ‘Q_WS_QWS’ was not declared in this scope
   return ((int*)(&Q_WS_QWS))[argc];
                   ^
make[1]: *** [CMakeFiles/cmTryCompileExec307823697.dir/CheckSymbolExists.cxx.o] Error 1
make[1]: Leaving directory `/users/studs/bsc/2016/sdanie/catkin_ws/build/CMakeFiles/CMakeTmp'
make: *** [cmTryCompileExec307823697/fast] Error 2

File /users/studs/bsc/2016/sdanie/catkin_ws/build/CMakeFiles/CMakeTmp/CheckSymbolExists.cxx:
/* */
#include <QtCore/qglobal.h>

int main(int argc, char** argv)
{
  (void)argv;
#ifndef Q_WS_QWS
  return ((int*)(&Q_WS_QWS))[argc];
#else
  (void)argc;
  return 0;
#endif
}

Determining if the Q_WS_MAC exist failed with the following output:
Change Dir: /users/studs/bsc/2016/sdanie/catkin_ws/build/CMakeFiles/CMakeTmp

Run Build Command:/usr/bin/make "cmTryCompileExec118097996/fast"
/usr/bin/make -f CMakeFiles/cmTryCompileExec118097996.dir/build.make CMakeFiles/cmTryCompileExec118097996.dir/build
make[1]: Entering directory `/users/studs/bsc/2016/sdanie/catkin_ws/build/CMakeFiles/CMakeTmp'
/usr/bin/cmake -E cmake_progress_report /users/studs/bsc/2016/sdanie/catkin_ws/build/CMakeFiles/CMakeTmp/CMakeFiles 1
Building CXX object CMakeFiles/cmTryCompileExec118097996.dir/CheckSymbolExists.cxx.o
/usr/bin/c++    -I/usr/include/qt4    -o CMakeFiles/cmTryCompileExec118097996.dir/CheckSymbolExists.cxx.o -c /users/studs/bsc/2016/sdanie/catkin_ws/build/CMakeFiles/CMakeTmp/CheckSymbolExists.cxx
/users/studs/bsc/2016/sdanie/catkin_ws/build/CMakeFiles/CMakeTmp/CheckSymbolExists.cxx: In function ‘int main(int, char**)’:
/users/studs/bsc/2016/sdanie/catkin_ws/build/CMakeFiles/CMakeTmp/CheckSymbolExists.cxx:8:19: error: ‘Q_WS_MAC’ was not declared in this scope
   return ((int*)(&Q_WS_MAC))[argc];
                   ^
make[1]: *** [CMakeFiles/cmTryCompileExec118097996.dir/CheckSymbolExists.cxx.o] Error 1
make[1]: Leaving directory `/users/studs/bsc/2016/sdanie/catkin_ws/build/CMakeFiles/CMakeTmp'
make: *** [cmTryCompileExec118097996/fast] Error 2

File /users/studs/bsc/2016/sdanie/catkin_ws/build/CMakeFiles/CMakeTmp/CheckSymbolExists.cxx:
/* */
#include <QtCore/qglobal.h>

int main(int argc, char** argv)
{
  (void)argv;
#ifndef Q_WS_MAC
  return ((int*)(&Q_WS_MAC))[argc];
#else
  (void)argc;
  return 0;
#endif
}

